TN:
SF:ll.js
FN:4,(anonymous_0)
FN:9,(anonymous_1)
FN:20,(anonymous_2)
FN:31,(anonymous_3)
FN:41,(anonymous_4)
FN:68,(anonymous_5)
FN:89,(anonymous_6)
FNF:7
FNH:6
FNDA:10,(anonymous_0)
FNDA:29,(anonymous_1)
FNDA:4,(anonymous_2)
FNDA:6,(anonymous_3)
FNDA:4,(anonymous_4)
FNDA:4,(anonymous_5)
FNDA:0,(anonymous_6)
DA:1,1
DA:5,10
DA:6,10
DA:10,29
DA:11,29
DA:12,8
DA:13,8
DA:15,21
DA:16,21
DA:21,4
DA:22,4
DA:23,1
DA:24,1
DA:26,3
DA:27,3
DA:32,6
DA:33,6
DA:34,6
DA:35,20
DA:36,20
DA:38,6
DA:42,4
DA:43,1
DA:44,3
DA:45,1
DA:46,1
DA:48,2
DA:49,2
DA:50,2
DA:51,1
DA:53,2
DA:54,1
DA:55,1
DA:56,1
DA:58,1
DA:59,1
DA:60,1
DA:69,4
DA:70,4
DA:71,4
DA:72,4
DA:73,5
DA:75,4
DA:76,4
DA:77,1
DA:78,3
DA:79,2
DA:81,1
DA:82,1
DA:83,1
DA:90,0
DA:91,0
DA:92,0
DA:93,0
DA:97,1
LF:55
LH:51
BRDA:11,0,0,8
BRDA:11,0,1,21
BRDA:22,1,0,1
BRDA:22,1,1,3
BRDA:42,2,0,1
BRDA:42,2,1,3
BRDA:44,3,0,1
BRDA:44,3,1,2
BRDA:44,4,0,3
BRDA:44,4,1,3
BRDA:53,5,0,1
BRDA:53,5,1,1
BRDA:70,6,0,4
BRDA:70,6,1,0
BRDA:70,7,0,4
BRDA:70,7,1,4
BRDA:76,8,0,1
BRDA:76,8,1,3
BRDA:78,9,0,2
BRDA:78,9,1,1
BRF:20
BRH:19
end_of_record
TN:
SF:node.js
FN:3,(anonymous_0)
FNF:1
FNH:1
FNDA:38,(anonymous_0)
DA:4,38
DA:5,38
DA:9,2
LF:3
LH:3
BRDA:3,0,0,38
BRF:1
BRH:1
end_of_record
