TN:
SF:ll.js
FN:4,(anonymous_0)
FN:9,(anonymous_1)
FN:20,(anonymous_2)
FNF:3
FNH:3
FNDA:2,(anonymous_0)
FNDA:4,(anonymous_1)
FNDA:1,(anonymous_2)
DA:1,1
DA:5,2
DA:6,2
DA:10,4
DA:11,4
DA:12,2
DA:13,2
DA:15,2
DA:16,2
DA:21,1
DA:22,1
DA:23,0
DA:24,0
DA:26,1
DA:27,1
DA:34,1
LF:16
LH:14
BRDA:11,0,0,2
BRDA:11,0,1,2
BRDA:22,1,0,0
BRDA:22,1,1,1
BRF:4
BRH:3
end_of_record
TN:
SF:node.js
FN:3,(anonymous_0)
FNF:1
FNH:1
FNDA:6,(anonymous_0)
DA:4,6
DA:5,6
DA:9,2
LF:3
LH:3
BRDA:3,0,0,6
BRF:1
BRH:1
end_of_record
